<?xml version="1.0" encoding="UTF-8"?>
<testng-results ignored="0" total="3" passed="3" failed="0" skipped="0">
  <reporter-output>
  </reporter-output>
  <suite started-at="2023-07-02T21:26:11 IST" name="Suite" finished-at="2023-07-02T21:26:20 IST" duration-ms="8647">
    <groups>
    </groups>
    <test started-at="2023-07-02T21:26:11 IST" name="Test" finished-at="2023-07-02T21:26:20 IST" duration-ms="8647">
      <class name="BaseClass">
        <test-method is-config="true" signature="setUp()[pri:0, instance:BaseClass@3e58a80e]" started-at="2023-07-02T21:26:11 IST" name="setUp" finished-at="2023-07-02T21:26:13 IST" duration-ms="1969" status="PASS">
          <reporter-output>
          </reporter-output>
        </test-method> <!-- setUp -->
        <test-method signature="Test1()[pri:0, instance:BaseClass@3e58a80e]" started-at="2023-07-02T21:26:13 IST" name="Test1" finished-at="2023-07-02T21:26:15 IST" duration-ms="1284" status="PASS">
          <reporter-output>
          </reporter-output>
        </test-method> <!-- Test1 -->
        <test-method is-config="true" signature="tearDown()[pri:0, instance:BaseClass@3e58a80e]" started-at="2023-07-02T21:26:15 IST" name="tearDown" finished-at="2023-07-02T21:26:15 IST" duration-ms="140" status="PASS">
          <reporter-output>
          </reporter-output>
        </test-method> <!-- tearDown -->
        <test-method is-config="true" signature="setUp()[pri:0, instance:BaseClass@3e58a80e]" started-at="2023-07-02T21:26:15 IST" name="setUp" finished-at="2023-07-02T21:26:16 IST" duration-ms="1214" status="PASS">
          <reporter-output>
          </reporter-output>
        </test-method> <!-- setUp -->
        <test-method signature="Test2()[pri:0, instance:BaseClass@3e58a80e]" started-at="2023-07-02T21:26:16 IST" name="Test2" finished-at="2023-07-02T21:26:17 IST" duration-ms="1379" status="PASS">
          <reporter-output>
          </reporter-output>
        </test-method> <!-- Test2 -->
        <test-method is-config="true" signature="tearDown()[pri:0, instance:BaseClass@3e58a80e]" started-at="2023-07-02T21:26:17 IST" name="tearDown" finished-at="2023-07-02T21:26:18 IST" duration-ms="128" status="PASS">
          <reporter-output>
          </reporter-output>
        </test-method> <!-- tearDown -->
        <test-method is-config="true" signature="setUp()[pri:0, instance:BaseClass@3e58a80e]" started-at="2023-07-02T21:26:18 IST" name="setUp" finished-at="2023-07-02T21:26:19 IST" duration-ms="990" status="PASS">
          <reporter-output>
          </reporter-output>
        </test-method> <!-- setUp -->
        <test-method signature="navigatoURL()[pri:0, instance:BaseClass@3e58a80e]" started-at="2023-07-02T21:26:19 IST" name="navigatoURL" finished-at="2023-07-02T21:26:20 IST" duration-ms="1376" status="PASS">
          <reporter-output>
          </reporter-output>
        </test-method> <!-- navigatoURL -->
        <test-method is-config="true" signature="tearDown()[pri:0, instance:BaseClass@3e58a80e]" started-at="2023-07-02T21:26:20 IST" name="tearDown" finished-at="2023-07-02T21:26:20 IST" duration-ms="133" status="PASS">
          <reporter-output>
          </reporter-output>
        </test-method> <!-- tearDown -->
      </class> <!-- BaseClass -->
    </test> <!-- Test -->
  </suite> <!-- Suite -->
</testng-results>
